<?xml version="1.0" encoding="UTF-8"?>
<testng-results total="1" passed="1" failed="0" skipped="0">
  <reporter-output>
  </reporter-output>
  <suite started-at="2024-01-18T18:09:48Z" name="test.com.EmptyCartCheckout" finished-at="2024-01-18T18:10:49Z" duration-ms="61657">
    <groups>
    </groups>
    <test started-at="2024-01-18T18:09:48Z" name="Command line test" finished-at="2024-01-18T18:10:49Z" duration-ms="61657">
      <class name="test.com.EmptyCartCheckout">
        <test-method is-config="true" signature="setUpClass()[pri:0, instance:test.com.EmptyCartCheckout@5bb21b69]" started-at="2024-01-18T13:09:48Z" name="setUpClass" finished-at="2024-01-18T13:09:48Z" duration-ms="12" status="PASS">
          <reporter-output>
          </reporter-output>
        </test-method> <!-- setUpClass -->
        <test-method is-config="true" signature="setUpMethod()[pri:0, instance:test.com.EmptyCartCheckout@5bb21b69]" started-at="2024-01-18T13:09:48Z" name="setUpMethod" finished-at="2024-01-18T13:09:50Z" duration-ms="2598" status="PASS">
          <reporter-output>
          </reporter-output>
        </test-method> <!-- setUpMethod -->
        <test-method signature="testCart()[pri:0, instance:test.com.EmptyCartCheckout@5bb21b69]" started-at="2024-01-18T13:09:50Z" name="testCart" finished-at="2024-01-18T13:10:49Z" duration-ms="59032" status="PASS">
          <reporter-output>
          </reporter-output>
        </test-method> <!-- testCart -->
        <test-method is-config="true" signature="tearDownClass()[pri:0, instance:test.com.EmptyCartCheckout@5bb21b69]" started-at="2024-01-18T13:10:49Z" name="tearDownClass" finished-at="2024-01-18T13:10:49Z" duration-ms="0" status="PASS">
          <reporter-output>
          </reporter-output>
        </test-method> <!-- tearDownClass -->
        <test-method is-config="true" signature="tearDownMethod()[pri:0, instance:test.com.EmptyCartCheckout@5bb21b69]" started-at="2024-01-18T13:10:49Z" name="tearDownMethod" finished-at="2024-01-18T13:10:49Z" duration-ms="0" status="PASS">
          <reporter-output>
          </reporter-output>
        </test-method> <!-- tearDownMethod -->
      </class> <!-- test.com.EmptyCartCheckout -->
    </test> <!-- Command line test -->
  </suite> <!-- test.com.EmptyCartCheckout -->
</testng-results>
