<?xml version="1.0" encoding="UTF-8"?>
<!-- Generated by org.testng.reporters.JUnitXMLReporter -->
<testsuite hostname="DESKTOP-37HMM6Q" failures="0" tests="3" name="Surefire test" time="62.044" errors="0" timestamp="1 Feb 2024 05:53:19 GMT">
  <testcase classname="test.com.ListOfProductInMeatSeafoodTest" name="testQuickViewPopup" time="4.567"/>
  <testcase classname="test.com.ListOfProductInMeatSeafoodTest" name="testAddToListButton" time="22.408"/>
  <testcase classname="test.com.ListOfProductInMeatSeafoodTest" name="testSelectingItem" time="6.653"/>
</testsuite> <!-- Surefire test -->
