<?xml version="1.0" encoding="UTF-8"?>
<testng-results total="1" passed="1" failed="0" skipped="0">
  <reporter-output>
  </reporter-output>
  <suite started-at="2024-01-24T20:12:04Z" name="AddtolistTest" finished-at="2024-01-24T20:12:32Z" duration-ms="27899">
    <groups>
    </groups>
    <test started-at="2024-01-24T20:12:04Z" name="Command line test" finished-at="2024-01-24T20:12:32Z" duration-ms="27899">
      <class name="AddtolistTest">
        <test-method is-config="true" signature="setUpClass()[pri:0, instance:AddtolistTest@5bfbf16f]" started-at="2024-01-24T14:12:04Z" name="setUpClass" finished-at="2024-01-24T14:12:04Z" duration-ms="6" status="PASS">
          <reporter-output>
          </reporter-output>
        </test-method> <!-- setUpClass -->
        <test-method is-config="true" signature="setUpMethod()[pri:0, instance:AddtolistTest@5bfbf16f]" started-at="2024-01-24T14:12:04Z" name="setUpMethod" finished-at="2024-01-24T14:12:05Z" duration-ms="1126" status="PASS">
          <reporter-output>
          </reporter-output>
        </test-method> <!-- setUpMethod -->
        <test-method signature="testList()[pri:0, instance:AddtolistTest@5bfbf16f]" started-at="2024-01-24T14:12:05Z" name="testList" finished-at="2024-01-24T14:12:32Z" duration-ms="26555" status="PASS">
          <reporter-output>
          </reporter-output>
        </test-method> <!-- testList -->
        <test-method is-config="true" signature="tearDownMethod()[pri:0, instance:AddtolistTest@5bfbf16f]" started-at="2024-01-24T14:12:32Z" name="tearDownMethod" finished-at="2024-01-24T14:12:32Z" duration-ms="206" status="PASS">
          <reporter-output>
          </reporter-output>
        </test-method> <!-- tearDownMethod -->
        <test-method is-config="true" signature="tearDownClass()[pri:0, instance:AddtolistTest@5bfbf16f]" started-at="2024-01-24T14:12:32Z" name="tearDownClass" finished-at="2024-01-24T14:12:32Z" duration-ms="0" status="PASS">
          <reporter-output>
          </reporter-output>
        </test-method> <!-- tearDownClass -->
      </class> <!-- AddtolistTest -->
    </test> <!-- Command line test -->
  </suite> <!-- AddtolistTest -->
</testng-results>
