<?xml version="1.0" encoding="UTF-8"?>
<testng-results total="1" passed="1" failed="0" skipped="0">
  <reporter-output>
  </reporter-output>
  <suite started-at="2024-01-30T16:09:51Z" name="Surefire suite" finished-at="2024-01-30T16:10:22Z" duration-ms="30896">
    <groups>
    </groups>
    <test started-at="2024-01-30T16:09:51Z" name="Surefire test" finished-at="2024-01-30T16:10:22Z" duration-ms="30896">
      <class name="test.com.AddtolistTest">
        <test-method is-config="true" signature="setUpClass()[pri:0, instance:test.com.AddtolistTest@517cd4b]" started-at="2024-01-30T10:09:51Z" name="setUpClass" finished-at="2024-01-30T10:09:51Z" duration-ms="10" status="PASS">
          <reporter-output>
          </reporter-output>
        </test-method> <!-- setUpClass -->
        <test-method is-config="true" signature="setUpMethod()[pri:0, instance:test.com.AddtolistTest@517cd4b]" started-at="2024-01-30T10:09:51Z" name="setUpMethod" finished-at="2024-01-30T10:09:53Z" duration-ms="1564" status="PASS">
          <reporter-output>
          </reporter-output>
        </test-method> <!-- setUpMethod -->
        <test-method signature="testList()[pri:0, instance:test.com.AddtolistTest@517cd4b]" started-at="2024-01-30T10:09:53Z" name="testList" finished-at="2024-01-30T10:10:22Z" duration-ms="29078" status="PASS">
          <reporter-output>
          </reporter-output>
        </test-method> <!-- testList -->
        <test-method is-config="true" signature="tearDownMethod()[pri:0, instance:test.com.AddtolistTest@517cd4b]" started-at="2024-01-30T10:10:22Z" name="tearDownMethod" finished-at="2024-01-30T10:10:22Z" duration-ms="234" status="PASS">
          <reporter-output>
          </reporter-output>
        </test-method> <!-- tearDownMethod -->
        <test-method is-config="true" signature="tearDownClass()[pri:0, instance:test.com.AddtolistTest@517cd4b]" started-at="2024-01-30T10:10:22Z" name="tearDownClass" finished-at="2024-01-30T10:10:22Z" duration-ms="1" status="PASS">
          <reporter-output>
          </reporter-output>
        </test-method> <!-- tearDownClass -->
      </class> <!-- test.com.AddtolistTest -->
    </test> <!-- Surefire test -->
  </suite> <!-- Surefire suite -->
</testng-results>
