<?xml version="1.0" encoding="UTF-8"?>
<testng-results total="1" passed="1" failed="0" skipped="0">
  <reporter-output>
  </reporter-output>
  <suite started-at="2024-01-16T17:20:47Z" name="Surefire suite" finished-at="2024-01-16T17:21:02Z" duration-ms="15341">
    <groups>
    </groups>
    <test started-at="2024-01-16T17:20:47Z" name="Surefire test" finished-at="2024-01-16T17:21:02Z" duration-ms="15341">
      <class name="test.com.TestCase1">
        <test-method is-config="true" signature="setUpClass()[pri:0, instance:test.com.TestCase1@276438c9]" started-at="2024-01-16T11:20:47Z" name="setUpClass" finished-at="2024-01-16T11:20:47Z" duration-ms="8" status="PASS">
          <reporter-output>
          </reporter-output>
        </test-method> <!-- setUpClass -->
        <test-method is-config="true" signature="setUpMethod()[pri:0, instance:test.com.TestCase1@276438c9]" started-at="2024-01-16T11:20:47Z" name="setUpMethod" finished-at="2024-01-16T11:20:48Z" duration-ms="1316" status="PASS">
          <reporter-output>
          </reporter-output>
        </test-method> <!-- setUpMethod -->
        <test-method signature="testGroceryPage()[pri:0, instance:test.com.TestCase1@276438c9]" started-at="2024-01-16T11:20:48Z" name="testGroceryPage" finished-at="2024-01-16T11:21:02Z" duration-ms="14007" status="PASS">
          <reporter-output>
          </reporter-output>
        </test-method> <!-- testGroceryPage -->
        <test-method is-config="true" signature="tearDownClass()[pri:0, instance:test.com.TestCase1@276438c9]" started-at="2024-01-16T11:21:02Z" name="tearDownClass" finished-at="2024-01-16T11:21:02Z" duration-ms="1" status="PASS">
          <reporter-output>
          </reporter-output>
        </test-method> <!-- tearDownClass -->
        <test-method is-config="true" signature="tearDownMethod()[pri:0, instance:test.com.TestCase1@276438c9]" started-at="2024-01-16T11:21:02Z" name="tearDownMethod" finished-at="2024-01-16T11:21:02Z" duration-ms="0" status="PASS">
          <reporter-output>
          </reporter-output>
        </test-method> <!-- tearDownMethod -->
      </class> <!-- test.com.TestCase1 -->
    </test> <!-- Surefire test -->
  </suite> <!-- Surefire suite -->
</testng-results>
